c:\users\marinel\documents\inf1010\tp3\tp3\debug\vc143.pdb
c:\users\marinel\documents\inf1010\tp3\tp3\debug\vc143.idb
c:\users\marinel\documents\inf1010\tp3\tp3\debug\testsuite.obj
c:\users\marinel\documents\inf1010\tp3\tp3\debug\specialite.obj
c:\users\marinel\documents\inf1010\tp3\tp3\debug\pediatre.obj
c:\users\marinel\documents\inf1010\tp3\tp3\debug\patient.obj
c:\users\marinel\documents\inf1010\tp3\tp3\debug\medecin.obj
c:\users\marinel\documents\inf1010\tp3\tp3\debug\main.obj
c:\users\marinel\documents\inf1010\tp3\tp3\debug\infirmier.obj
c:\users\marinel\documents\inf1010\tp3\tp3\debug\hopitalpoly.obj
c:\users\marinel\documents\inf1010\tp3\tp3\debug\employe.obj
c:\users\marinel\documents\inf1010\tp3\tp3\debug\chirurgien.obj
c:\users\marinel\documents\inf1010\tp3\tp3\debug\cardiologue.obj
c:\users\marinel\documents\inf1010\tp3\debug\tp3.exe
c:\users\marinel\documents\inf1010\tp3\debug\tp3.pdb
c:\users\marinel\documents\inf1010\tp3\tp3\debug\tp3.ilk
c:\users\marinel\documents\inf1010\tp3\tp3\debug\tp3.tlog\cl.command.1.tlog
c:\users\marinel\documents\inf1010\tp3\tp3\debug\tp3.tlog\cl.items.tlog
c:\users\marinel\documents\inf1010\tp3\tp3\debug\tp3.tlog\cl.read.1.tlog
c:\users\marinel\documents\inf1010\tp3\tp3\debug\tp3.tlog\cl.write.1.tlog
c:\users\marinel\documents\inf1010\tp3\tp3\debug\tp3.tlog\link.command.1.tlog
c:\users\marinel\documents\inf1010\tp3\tp3\debug\tp3.tlog\link.read.1.tlog
c:\users\marinel\documents\inf1010\tp3\tp3\debug\tp3.tlog\link.secondary.1.tlog
c:\users\marinel\documents\inf1010\tp3\tp3\debug\tp3.tlog\link.write.1.tlog
